INFO | 23.06.2026 11:12:19 | GET | Sugawara | / | data=55 testing=10
INFO | 23.06.2026 11:12:20 | GET | Ivan | / | data=2 testing=39
INFO | 23.06.2026 11:12:21 | GET | Sugawara | / | data=89 testing=47
INFO | 23.06.2026 11:12:21 | GET | Ivan | / | data=36 testing=46
INFO | 23.06.2026 11:12:21 | GET | Sugawara | / | data=2 testing=45
INFO | 23.06.2026 11:12:21 | GET | Ivan | / | data=87 testing=31
INFO | 23.06.2026 11:12:22 | GET | Ivan | / | data=2 testing=8
INFO | 23.06.2026 11:12:22 | GET | Sugawara | / | data=7 testing=9
INFO | 23.06.2026 11:12:22 | GET | Sugawara | / | data=23 testing=5
INFO | 23.06.2026 11:12:22 | GET | Sugawara | / | data=97 testing=50
INFO | 23.06.2026 11:12:22 | GET | Sugawara | / | data=94 testing=44
INFO | 23.06.2026 11:12:23 | GET | Sugawara | / | data=5 testing=16
INFO | 23.06.2026 11:12:31 | GET | Ivan | / | data=65 testing=41
INFO | 23.06.2026 11:12:32 | GET | Ivan | / | data=78 testing=37
INFO | 23.06.2026 11:12:32 | GET | Sugawara | / | data=15 testing=29
INFO | 23.06.2026 11:12:32 | GET | Sugawara | / | data=84 testing=22
INFO | 23.06.2026 11:12:33 | GET | Ivan | / | data=80 testing=10
INFO | 23.06.2026 11:12:33 | GET | Sugawara | / | data=21 testing=42
INFO | 23.06.2026 11:14:04 | GET | / | Sugawara | data=76 testing=28
INFO | 23.06.2026 11:14:04 | GET | / | Sugawara | data=76 testing=28
INFO | 23.06.2026 11:14:05 | GET | / | Ivan | data=74 testing=4
INFO | 23.06.2026 11:14:05 | GET | / | Ivan | data=74 testing=4
INFO | 23.06.2026 11:14:11 | GET | / | Sugawara | data=13 testing=48
INFO | 23.06.2026 11:14:11 | GET | / | Sugawara | data=13 testing=48
INFO | 23.06.2026 11:14:12 | GET | /main | Ivan | data=796 testing=232
INFO | 23.06.2026 11:14:12 | GET | /main | Ivan | data=796 testing=232
INFO | 23.06.2026 12:04:01 | GET | / | Sugawara | data=7 testing=23
INFO | 23.06.2026 12:04:01 | GET | / | Sugawara | data=7 testing=23
INFO | 23.06.2026 12:04:04 | GET | / | Ivan | data=3 testing=35
INFO | 23.06.2026 12:04:04 | GET | / | Ivan | data=3 testing=35
INFO | 23.06.2026 12:04:05 | GET | / | Sugawara | data=45 testing=30
INFO | 23.06.2026 12:04:05 | GET | / | Sugawara | data=45 testing=30
INFO | 23.06.2026 12:04:18 | GET | / | Sugawara | data=83 testing=4
INFO | 23.06.2026 12:04:18 | GET | / | Sugawara | data=83 testing=4
